[21:05:56] [Server thread/INFO]: Starting minecraft server version 1.12
[21:05:56] [Server thread/INFO]: Loading properties
[21:05:56] [Server thread/INFO]: Default game type: SURVIVAL
[21:05:56] [Server thread/INFO]: This server is running CraftBukkit version git-Spigot-99c2a37-3819f8d (MC: 1.12) (Implementing API version 1.12-R0.1-SNAPSHOT)
[21:05:56] [Server thread/INFO]: Debug logging is disabled
[21:05:56] [Server thread/INFO]: Server Ping Player Sample Count: 12
[21:05:56] [Server thread/INFO]: Using 4 threads for Netty based IO
[21:05:56] [Server thread/INFO]: Generating keypair
[21:05:57] [Server thread/INFO]: Starting Minecraft server on *:25565
[21:05:57] [Server thread/INFO]: Using default channel type
[21:05:57] [Server thread/INFO]: Set PluginClassLoader as parallel capable
[21:05:57] [Server thread/INFO]: [RPG] Loading RPG v0.1
[21:05:57] [Server thread/INFO]: **** Beginning UUID conversion, this may take A LONG time ****
[21:05:57] [Server thread/INFO]: Preparing level "world"
[21:05:57] [Server thread/INFO]: -------- World Settings For [world] --------
[21:05:57] [Server thread/INFO]: Cactus Growth Modifier: 100%
[21:05:57] [Server thread/INFO]: Cane Growth Modifier: 100%
[21:05:57] [Server thread/INFO]: Melon Growth Modifier: 100%
[21:05:57] [Server thread/INFO]: Mushroom Growth Modifier: 100%
[21:05:57] [Server thread/INFO]: Pumpkin Growth Modifier: 100%
[21:05:57] [Server thread/INFO]: Sapling Growth Modifier: 100%
[21:05:57] [Server thread/INFO]: Wheat Growth Modifier: 100%
[21:05:57] [Server thread/INFO]: NetherWart Growth Modifier: 100%
[21:05:57] [Server thread/INFO]: Vine Growth Modifier: 100%
[21:05:57] [Server thread/INFO]: Cocoa Growth Modifier: 100%
[21:05:57] [Server thread/INFO]: Mob Spawn Range: 4
[21:05:57] [Server thread/INFO]: Entity Tracking Range: Pl 48 / An 48 / Mo 48 / Mi 32 / Other 64
[21:05:57] [Server thread/INFO]: Random Lighting Updates: false
[21:05:57] [Server thread/INFO]: Structure Info Saving: true
[21:05:57] [Server thread/INFO]: Hopper Transfer: 8 Hopper Check: 1 Hopper Amount: 1
[21:05:57] [Server thread/INFO]: Entity Activation Range: An 32 / Mo 32 / Mi 16
[21:05:57] [Server thread/INFO]: Max TNT Explosions: 100
[21:05:57] [Server thread/INFO]: Tile Max Tick Time: 50ms Entity max Tick Time: 50ms
[21:05:57] [Server thread/INFO]: Allow Zombie Pigmen to spawn from portal blocks: true
[21:05:57] [Server thread/INFO]: Item Despawn Rate: 6000
[21:05:57] [Server thread/INFO]: Item Merge Radius: 2.5
[21:05:57] [Server thread/INFO]: View Distance: 10
[21:05:57] [Server thread/INFO]: Arrow Despawn Rate: 1200
[21:05:57] [Server thread/INFO]: Experience Merge Radius: 3.0
[21:05:57] [Server thread/INFO]: Nerfing mobs spawned from spawners: false
[21:05:57] [Server thread/INFO]: Zombie Aggressive Towards Villager: true
[21:05:57] [Server thread/INFO]: Custom Map Seeds:  Village: 10387312 Feature: 14357617 Monument: 10387313 Slime: 987234911
[21:05:57] [Server thread/INFO]: -------- World Settings For [world_nether] --------
[21:05:57] [Server thread/INFO]: Cactus Growth Modifier: 100%
[21:05:57] [Server thread/INFO]: Cane Growth Modifier: 100%
[21:05:57] [Server thread/INFO]: Melon Growth Modifier: 100%
[21:05:57] [Server thread/INFO]: Mushroom Growth Modifier: 100%
[21:05:57] [Server thread/INFO]: Pumpkin Growth Modifier: 100%
[21:05:57] [Server thread/INFO]: Sapling Growth Modifier: 100%
[21:05:57] [Server thread/INFO]: Wheat Growth Modifier: 100%
[21:05:57] [Server thread/INFO]: NetherWart Growth Modifier: 100%
[21:05:57] [Server thread/INFO]: Vine Growth Modifier: 100%
[21:05:57] [Server thread/INFO]: Cocoa Growth Modifier: 100%
[21:05:57] [Server thread/INFO]: Mob Spawn Range: 4
[21:05:57] [Server thread/INFO]: Entity Tracking Range: Pl 48 / An 48 / Mo 48 / Mi 32 / Other 64
[21:05:57] [Server thread/INFO]: Random Lighting Updates: false
[21:05:57] [Server thread/INFO]: Structure Info Saving: true
[21:05:57] [Server thread/INFO]: Hopper Transfer: 8 Hopper Check: 1 Hopper Amount: 1
[21:05:57] [Server thread/INFO]: Entity Activation Range: An 32 / Mo 32 / Mi 16
[21:05:57] [Server thread/INFO]: Max TNT Explosions: 100
[21:05:57] [Server thread/INFO]: Tile Max Tick Time: 50ms Entity max Tick Time: 50ms
[21:05:57] [Server thread/INFO]: Allow Zombie Pigmen to spawn from portal blocks: true
[21:05:57] [Server thread/INFO]: Item Despawn Rate: 6000
[21:05:57] [Server thread/INFO]: Item Merge Radius: 2.5
[21:05:57] [Server thread/INFO]: View Distance: 10
[21:05:57] [Server thread/INFO]: Arrow Despawn Rate: 1200
[21:05:57] [Server thread/INFO]: Experience Merge Radius: 3.0
[21:05:57] [Server thread/INFO]: Nerfing mobs spawned from spawners: false
[21:05:57] [Server thread/INFO]: Zombie Aggressive Towards Villager: true
[21:05:57] [Server thread/INFO]: Custom Map Seeds:  Village: 10387312 Feature: 14357617 Monument: 10387313 Slime: 987234911
[21:05:58] [Server thread/INFO]: -------- World Settings For [world_the_end] --------
[21:05:58] [Server thread/INFO]: Cactus Growth Modifier: 100%
[21:05:58] [Server thread/INFO]: Cane Growth Modifier: 100%
[21:05:58] [Server thread/INFO]: Melon Growth Modifier: 100%
[21:05:58] [Server thread/INFO]: Mushroom Growth Modifier: 100%
[21:05:58] [Server thread/INFO]: Pumpkin Growth Modifier: 100%
[21:05:58] [Server thread/INFO]: Sapling Growth Modifier: 100%
[21:05:58] [Server thread/INFO]: Wheat Growth Modifier: 100%
[21:05:58] [Server thread/INFO]: NetherWart Growth Modifier: 100%
[21:05:58] [Server thread/INFO]: Vine Growth Modifier: 100%
[21:05:58] [Server thread/INFO]: Cocoa Growth Modifier: 100%
[21:05:58] [Server thread/INFO]: Mob Spawn Range: 4
[21:05:58] [Server thread/INFO]: Entity Tracking Range: Pl 48 / An 48 / Mo 48 / Mi 32 / Other 64
[21:05:58] [Server thread/INFO]: Random Lighting Updates: false
[21:05:58] [Server thread/INFO]: Structure Info Saving: true
[21:05:58] [Server thread/INFO]: Hopper Transfer: 8 Hopper Check: 1 Hopper Amount: 1
[21:05:58] [Server thread/INFO]: Entity Activation Range: An 32 / Mo 32 / Mi 16
[21:05:58] [Server thread/INFO]: Max TNT Explosions: 100
[21:05:58] [Server thread/INFO]: Tile Max Tick Time: 50ms Entity max Tick Time: 50ms
[21:05:58] [Server thread/INFO]: Allow Zombie Pigmen to spawn from portal blocks: true
[21:05:58] [Server thread/INFO]: Item Despawn Rate: 6000
[21:05:58] [Server thread/INFO]: Item Merge Radius: 2.5
[21:05:58] [Server thread/INFO]: View Distance: 10
[21:05:58] [Server thread/INFO]: Arrow Despawn Rate: 1200
[21:05:58] [Server thread/INFO]: Experience Merge Radius: 3.0
[21:05:58] [Server thread/INFO]: Nerfing mobs spawned from spawners: false
[21:05:58] [Server thread/INFO]: Zombie Aggressive Towards Villager: true
[21:05:58] [Server thread/INFO]: Custom Map Seeds:  Village: 10387312 Feature: 14357617 Monument: 10387313 Slime: 987234911
[21:05:58] [Server thread/INFO]: Preparing start region for level 0 (Seed: -3532359631854917320)
[21:05:59] [Server thread/INFO]: Preparing spawn area: 85%
[21:05:59] [Server thread/INFO]: Preparing start region for level 1 (Seed: -3532359631854917320)
[21:05:59] [Server thread/INFO]: Preparing start region for level 2 (Seed: -3532359631854917320)
[21:05:59] [Server thread/INFO]: [RPG] Enabling RPG v0.1
[21:05:59] [Server thread/INFO]: [RPG] Registered events.
[21:06:00] [Server thread/WARN]: java.io.IOException: The system cannot find the path specified
[21:06:00] [Server thread/WARN]: 	at java.io.WinNTFileSystem.createFileExclusively(Native Method)
[21:06:00] [Server thread/WARN]: 	at java.io.File.createNewFile(Unknown Source)
[21:06:00] [Server thread/WARN]: 	at me.imunsmart.rpg.mechanics.GlobalMarket.<init>(GlobalMarket.java:48)
[21:06:00] [Server thread/WARN]: 	at me.imunsmart.rpg.Main.registerEvents(Main.java:58)
[21:06:00] [Server thread/WARN]: 	at me.imunsmart.rpg.Main.onEnable(Main.java:95)
[21:06:00] [Server thread/WARN]: 	at org.bukkit.plugin.java.JavaPlugin.setEnabled(JavaPlugin.java:264)
[21:06:00] [Server thread/WARN]: 	at org.bukkit.plugin.java.JavaPluginLoader.enablePlugin(JavaPluginLoader.java:337)
[21:06:00] [Server thread/WARN]: 	at org.bukkit.plugin.SimplePluginManager.enablePlugin(SimplePluginManager.java:402)
[21:06:00] [Server thread/WARN]: 	at org.bukkit.craftbukkit.v1_12_R1.CraftServer.enablePlugin(CraftServer.java:378)
[21:06:00] [Server thread/WARN]: 	at org.bukkit.craftbukkit.v1_12_R1.CraftServer.enablePlugins(CraftServer.java:327)
[21:06:00] [Server thread/WARN]: 	at net.minecraft.server.v1_12_R1.MinecraftServer.t(MinecraftServer.java:421)
[21:06:00] [Server thread/WARN]: 	at net.minecraft.server.v1_12_R1.MinecraftServer.l(MinecraftServer.java:382)
[21:06:00] [Server thread/WARN]: 	at net.minecraft.server.v1_12_R1.MinecraftServer.a(MinecraftServer.java:337)
[21:06:00] [Server thread/WARN]: 	at net.minecraft.server.v1_12_R1.DedicatedServer.init(DedicatedServer.java:272)
[21:06:00] [Server thread/WARN]: 	at net.minecraft.server.v1_12_R1.MinecraftServer.run(MinecraftServer.java:544)
[21:06:00] [Server thread/WARN]: 	at java.lang.Thread.run(Unknown Source)
[21:06:00] [Server thread/INFO]: [RPG] Registered commands.
[21:06:00] [Server thread/INFO]: Server permissions file permissions.yml is empty, ignoring it
[21:06:00] [Server thread/INFO]: Done (2.714s)! For help, type "help" or "?"
[21:06:51] [User Authenticator #1/INFO]: UUID of player maxrocks0406 is e17b9519-a0de-4913-9e35-9341dec23cc5
[21:06:51] [Server thread/INFO]: maxrocks0406[/127.0.0.1:58132] logged in with entity id 226 at ([world]14.098213053926845, 67.0, 48.40124232302223)
[21:06:52] [User Authenticator #2/INFO]: UUID of player Xwy is 5c69a18a-cdcd-4a7b-b678-85b70efdf0b1
[21:06:52] [Server thread/INFO]: Xwy[/127.0.0.1:58134] logged in with entity id 400 at ([world]64.51899535059923, 69.0, 54.96605425865253)
[21:06:59] [Server thread/INFO]: Xwy issued server command: /tp maxrocks0406 xwy
[21:06:59] [Server thread/INFO]: [Xwy: Teleported maxrocks0406 to Xwy]
[21:07:05] [Server thread/INFO]: maxrocks0406 issued server command: /teams
[21:07:07] [Server thread/INFO]: maxrocks0406 issued server command: /reload
[21:07:10] [Server thread/INFO]: Xwy issued server command: /reload
[21:07:10] [Server thread/INFO]: Xwy: [0;31;1mPlease note that this command is not supported and may cause issues when using some plugins.[m
[21:07:10] [Server thread/INFO]: Xwy: [0;31;1mIf you encounter any issues please use the /stop command to restart your server.[m
[21:07:10] [Server thread/INFO]: Debug logging is disabled
[21:07:10] [Server thread/INFO]: Server Ping Player Sample Count: 12
[21:07:10] [Server thread/INFO]: Using 4 threads for Netty based IO
[21:07:10] [Server thread/INFO]: -------- World Settings For [world] --------
[21:07:10] [Server thread/INFO]: Cactus Growth Modifier: 100%
[21:07:10] [Server thread/INFO]: Cane Growth Modifier: 100%
[21:07:10] [Server thread/INFO]: Melon Growth Modifier: 100%
[21:07:10] [Server thread/INFO]: Mushroom Growth Modifier: 100%
[21:07:10] [Server thread/INFO]: Pumpkin Growth Modifier: 100%
[21:07:10] [Server thread/INFO]: Sapling Growth Modifier: 100%
[21:07:10] [Server thread/INFO]: Wheat Growth Modifier: 100%
[21:07:10] [Server thread/INFO]: NetherWart Growth Modifier: 100%
[21:07:10] [Server thread/INFO]: Vine Growth Modifier: 100%
[21:07:10] [Server thread/INFO]: Cocoa Growth Modifier: 100%
[21:07:10] [Server thread/INFO]: Mob Spawn Range: 4
[21:07:10] [Server thread/INFO]: Entity Tracking Range: Pl 48 / An 48 / Mo 48 / Mi 32 / Other 64
[21:07:10] [Server thread/INFO]: Random Lighting Updates: false
[21:07:10] [Server thread/INFO]: Structure Info Saving: true
[21:07:10] [Server thread/INFO]: Hopper Transfer: 8 Hopper Check: 1 Hopper Amount: 1
[21:07:10] [Server thread/INFO]: Entity Activation Range: An 32 / Mo 32 / Mi 16
[21:07:10] [Server thread/INFO]: Max TNT Explosions: 100
[21:07:10] [Server thread/INFO]: Tile Max Tick Time: 50ms Entity max Tick Time: 50ms
[21:07:10] [Server thread/INFO]: Allow Zombie Pigmen to spawn from portal blocks: true
[21:07:10] [Server thread/INFO]: Item Despawn Rate: 6000
[21:07:10] [Server thread/INFO]: Item Merge Radius: 2.5
[21:07:10] [Server thread/INFO]: View Distance: 10
[21:07:10] [Server thread/INFO]: Arrow Despawn Rate: 1200
[21:07:10] [Server thread/INFO]: Experience Merge Radius: 3.0
[21:07:10] [Server thread/INFO]: Nerfing mobs spawned from spawners: false
[21:07:10] [Server thread/INFO]: Zombie Aggressive Towards Villager: true
[21:07:10] [Server thread/INFO]: Custom Map Seeds:  Village: 10387312 Feature: 14357617 Monument: 10387313 Slime: 987234911
[21:07:10] [Server thread/INFO]: -------- World Settings For [world_nether] --------
[21:07:10] [Server thread/INFO]: Cactus Growth Modifier: 100%
[21:07:10] [Server thread/INFO]: Cane Growth Modifier: 100%
[21:07:10] [Server thread/INFO]: Melon Growth Modifier: 100%
[21:07:10] [Server thread/INFO]: Mushroom Growth Modifier: 100%
[21:07:10] [Server thread/INFO]: Pumpkin Growth Modifier: 100%
[21:07:10] [Server thread/INFO]: Sapling Growth Modifier: 100%
[21:07:10] [Server thread/INFO]: Wheat Growth Modifier: 100%
[21:07:10] [Server thread/INFO]: NetherWart Growth Modifier: 100%
[21:07:10] [Server thread/INFO]: Vine Growth Modifier: 100%
[21:07:10] [Server thread/INFO]: Cocoa Growth Modifier: 100%
[21:07:10] [Server thread/INFO]: Mob Spawn Range: 4
[21:07:10] [Server thread/INFO]: Entity Tracking Range: Pl 48 / An 48 / Mo 48 / Mi 32 / Other 64
[21:07:10] [Server thread/INFO]: Random Lighting Updates: false
[21:07:10] [Server thread/INFO]: Structure Info Saving: true
[21:07:10] [Server thread/INFO]: Hopper Transfer: 8 Hopper Check: 1 Hopper Amount: 1
[21:07:10] [Server thread/INFO]: Entity Activation Range: An 32 / Mo 32 / Mi 16
[21:07:10] [Server thread/INFO]: Max TNT Explosions: 100
[21:07:10] [Server thread/INFO]: Tile Max Tick Time: 50ms Entity max Tick Time: 50ms
[21:07:10] [Server thread/INFO]: Allow Zombie Pigmen to spawn from portal blocks: true
[21:07:10] [Server thread/INFO]: Item Despawn Rate: 6000
[21:07:10] [Server thread/INFO]: Item Merge Radius: 2.5
[21:07:10] [Server thread/INFO]: View Distance: 10
[21:07:10] [Server thread/INFO]: Arrow Despawn Rate: 1200
[21:07:10] [Server thread/INFO]: Experience Merge Radius: 3.0
[21:07:10] [Server thread/INFO]: Nerfing mobs spawned from spawners: false
[21:07:10] [Server thread/INFO]: Zombie Aggressive Towards Villager: true
[21:07:10] [Server thread/INFO]: Custom Map Seeds:  Village: 10387312 Feature: 14357617 Monument: 10387313 Slime: 987234911
[21:07:10] [Server thread/INFO]: -------- World Settings For [world_the_end] --------
[21:07:10] [Server thread/INFO]: Cactus Growth Modifier: 100%
[21:07:10] [Server thread/INFO]: Cane Growth Modifier: 100%
[21:07:10] [Server thread/INFO]: Melon Growth Modifier: 100%
[21:07:10] [Server thread/INFO]: Mushroom Growth Modifier: 100%
[21:07:10] [Server thread/INFO]: Pumpkin Growth Modifier: 100%
[21:07:10] [Server thread/INFO]: Sapling Growth Modifier: 100%
[21:07:10] [Server thread/INFO]: Wheat Growth Modifier: 100%
[21:07:10] [Server thread/INFO]: NetherWart Growth Modifier: 100%
[21:07:10] [Server thread/INFO]: Vine Growth Modifier: 100%
[21:07:10] [Server thread/INFO]: Cocoa Growth Modifier: 100%
[21:07:10] [Server thread/INFO]: Mob Spawn Range: 4
[21:07:10] [Server thread/INFO]: Entity Tracking Range: Pl 48 / An 48 / Mo 48 / Mi 32 / Other 64
[21:07:10] [Server thread/INFO]: Random Lighting Updates: false
[21:07:10] [Server thread/INFO]: Structure Info Saving: true
[21:07:10] [Server thread/INFO]: Hopper Transfer: 8 Hopper Check: 1 Hopper Amount: 1
[21:07:10] [Server thread/INFO]: Entity Activation Range: An 32 / Mo 32 / Mi 16
[21:07:10] [Server thread/INFO]: Max TNT Explosions: 100
[21:07:10] [Server thread/INFO]: Tile Max Tick Time: 50ms Entity max Tick Time: 50ms
[21:07:10] [Server thread/INFO]: Allow Zombie Pigmen to spawn from portal blocks: true
[21:07:10] [Server thread/INFO]: Item Despawn Rate: 6000
[21:07:10] [Server thread/INFO]: Item Merge Radius: 2.5
[21:07:10] [Server thread/INFO]: View Distance: 10
[21:07:10] [Server thread/INFO]: Arrow Despawn Rate: 1200
[21:07:10] [Server thread/INFO]: Experience Merge Radius: 3.0
[21:07:10] [Server thread/INFO]: Nerfing mobs spawned from spawners: false
[21:07:10] [Server thread/INFO]: Zombie Aggressive Towards Villager: true
[21:07:10] [Server thread/INFO]: Custom Map Seeds:  Village: 10387312 Feature: 14357617 Monument: 10387313 Slime: 987234911
[21:07:10] [Server thread/INFO]: [RPG] Disabling RPG v0.1
[21:07:11] [Server thread/INFO]: [RPG] Loading RPG v0.1
[21:07:11] [Server thread/INFO]: [RPG] Enabling RPG v0.1
[21:07:11] [Server thread/INFO]: [RPG] Registered events.
[21:07:11] [Server thread/INFO]: [RPG] Registered commands.
[21:07:11] [Server thread/INFO]: Server permissions file permissions.yml is empty, ignoring it
[21:07:11] [Server thread/INFO]: Xwy: [0;32;1mReload complete.[m
[21:07:14] [Server thread/INFO]: maxrocks0406 lost connection: Disconnected
[21:07:14] [Server thread/INFO]: - maxrocks0406
[21:07:16] [Server thread/INFO]: Xwy lost connection: Disconnected
[21:07:16] [Server thread/INFO]: - Xwy
[21:07:17] [User Authenticator #3/INFO]: UUID of player maxrocks0406 is e17b9519-a0de-4913-9e35-9341dec23cc5
[21:07:17] [Server thread/INFO]: maxrocks0406[/127.0.0.1:58158] logged in with entity id 1972 at ([world]62.40390279147176, 69.0, 47.33151789272997)
[21:07:18] [User Authenticator #4/INFO]: UUID of player Xwy is 5c69a18a-cdcd-4a7b-b678-85b70efdf0b1
[21:07:18] [Server thread/INFO]: Xwy[/127.0.0.1:58161] logged in with entity id 2060 at ([world]60.90842777605786, 69.0, 49.39314887845478)
[21:07:25] [Server thread/INFO]: Xwy issued server command: /scoreboard
[21:07:26] [Server thread/INFO]: Xwy issued server command: /scoreboard teams
[21:07:27] [Server thread/INFO]: Xwy issued server command: /scoreboard teams list
[21:07:27] [Server thread/INFO]: [Xwy: There are no teams registered on the scoreboard]
[21:07:52] [Server thread/INFO]: Stopping the server
[21:07:52] [Server thread/INFO]: Stopping server
[21:07:52] [Server thread/INFO]: [RPG] Disabling RPG v0.1
[21:07:53] [Server thread/INFO]: Saving players
[21:07:53] [Server thread/INFO]: maxrocks0406 lost connection: Server closed
[21:07:53] [Server thread/INFO]: maxrocks0406 left the game
[21:07:53] [Server thread/INFO]: Xwy lost connection: Server closed
[21:07:53] [Server thread/INFO]: Xwy left the game
[21:07:53] [Server thread/INFO]: Saving worlds
[21:07:53] [Server thread/INFO]: Saving chunks for level 'world'/overworld
[21:07:54] [Server thread/INFO]: Saving chunks for level 'world_nether'/the_nether
[21:07:54] [Server thread/INFO]: Saving chunks for level 'world_the_end'/the_end
